<?xml version="1.0" encoding="UTF-8"?>
<testsuite name="TestSuite" time="10.049" tests="6" errors="0" skipped="4" failures="2">
  <properties>
[...]
</properties>
  <testcase name="setUpBrowser" classname="com.OrangeHRM.TestCases.TC_Admin_Valid_Login_OHRM040_001" time="4.275">
    <failure message="unknown error: cannot find Chrome binary&#10;Build info: version: &apos;3.141.59&apos;, revision: &apos;e82be7d358&apos;, time: &apos;2018-11-14T08:17:03&apos;&#10;System info: host: &apos;LAPTOP-UULIG8AC&apos;, ip: &apos;192.168.1.46&apos;, os.name: &apos;Windows 10&apos;, os.arch: &apos;amd64&apos;, os.version: &apos;10.0&apos;, java.version: &apos;1.8.0_202&apos;&#10;Driver info: driver.version: ChromeDriver&#10;remote stacktrace: Backtrace:&#10;	Ordinal0 [0x00C8ACD3+2075859]&#10;	Ordinal0 [0x00C1EE61+1633889]&#10;	Ordinal0 [0x00B1B7BD+571325]&#10;	Ordinal0 [0x00B38950+690512]&#10;	Ordinal0 [0x00B36BE9+682985]&#10;	Ordinal0 [0x00B6DBD3+908243]&#10;	Ordinal0 [0x00B6D6AA+906922]&#10;	Ordinal0 [0x00B67136+880950]&#10;	Ordinal0 [0x00B3FEFD+720637]&#10;	Ordinal0 [0x00B40F3F+724799]&#10;	GetHandleVerifier [0x00F3EED2+2769538]&#10;	GetHandleVerifier [0x00F30D95+2711877]&#10;	GetHandleVerifier [0x00D1A03A+521194]&#10;	GetHandleVerifier [0x00D18DA0+516432]&#10;	Ordinal0 [0x00C2682C+1665068]&#10;	Ordinal0 [0x00C2B128+1683752]&#10;	Ordinal0 [0x00C2B215+1683989]&#10;	Ordinal0 [0x00C36484+1729668]&#10;	BaseThreadInitThunk [0x7755FEF9+25]&#10;	RtlGetAppContainerNamedObjectPath [0x77A67BBE+286]&#10;	RtlGetAppContainerNamedObjectPath [0x77A67B8E+238]&#10;" type="org.openqa.selenium.WebDriverException"><![CDATA[org.openqa.selenium.WebDriverException: unknown error: cannot find Chrome binary
Build info: version: '3.141.59', revision: 'e82be7d358', time: '2018-11-14T08:17:03'
System info: host: 'LAPTOP-UULIG8AC', ip: '192.168.1.46', os.name: 'Windows 10', os.arch: 'amd64', os.version: '10.0', java.version: '1.8.0_202'
Driver info: driver.version: ChromeDriver
remote stacktrace: Backtrace:
	Ordinal0 [0x00C8ACD3+2075859]
	Ordinal0 [0x00C1EE61+1633889]
	Ordinal0 [0x00B1B7BD+571325]
	Ordinal0 [0x00B38950+690512]
	Ordinal0 [0x00B36BE9+682985]
	Ordinal0 [0x00B6DBD3+908243]
	Ordinal0 [0x00B6D6AA+906922]
	Ordinal0 [0x00B67136+880950]
	Ordinal0 [0x00B3FEFD+720637]
	Ordinal0 [0x00B40F3F+724799]
	GetHandleVerifier [0x00F3EED2+2769538]
	GetHandleVerifier [0x00F30D95+2711877]
	GetHandleVerifier [0x00D1A03A+521194]
	GetHandleVerifier [0x00D18DA0+516432]
	Ordinal0 [0x00C2682C+1665068]
	Ordinal0 [0x00C2B128+1683752]
	Ordinal0 [0x00C2B215+1683989]
	Ordinal0 [0x00C36484+1729668]
	BaseThreadInitThunk [0x7755FEF9+25]
	RtlGetAppContainerNamedObjectPath [0x77A67BBE+286]
	RtlGetAppContainerNamedObjectPath [0x77A67B8E+238]

	at sun.reflect.NativeConstructorAccessorImpl.newInstance0(Native Method)
	at sun.reflect.NativeConstructorAccessorImpl.newInstance(NativeConstructorAccessorImpl.java:62)
	at sun.reflect.DelegatingConstructorAccessorImpl.newInstance(DelegatingConstructorAccessorImpl.java:45)
	at java.lang.reflect.Constructor.newInstance(Constructor.java:423)
	at org.openqa.selenium.remote.W3CHandshakeResponse.lambda$errorHandler$0(W3CHandshakeResponse.java:62)
	at org.openqa.selenium.remote.HandshakeResponse.lambda$getResponseFunction$0(HandshakeResponse.java:30)
	at org.openqa.selenium.remote.ProtocolHandshake.lambda$createSession$0(ProtocolHandshake.java:126)
	at java.util.stream.ReferencePipeline$3$1.accept(ReferencePipeline.java:193)
	at java.util.Spliterators$ArraySpliterator.tryAdvance(Spliterators.java:958)
	at java.util.stream.ReferencePipeline.forEachWithCancel(ReferencePipeline.java:126)
	at java.util.stream.AbstractPipeline.copyIntoWithCancel(AbstractPipeline.java:498)
	at java.util.stream.AbstractPipeline.copyInto(AbstractPipeline.java:485)
	at java.util.stream.AbstractPipeline.wrapAndCopyInto(AbstractPipeline.java:471)
	at java.util.stream.FindOps$FindOp.evaluateSequential(FindOps.java:152)
	at java.util.stream.AbstractPipeline.evaluate(AbstractPipeline.java:234)
	at java.util.stream.ReferencePipeline.findFirst(ReferencePipeline.java:464)
	at org.openqa.selenium.remote.ProtocolHandshake.createSession(ProtocolHandshake.java:128)
	at org.openqa.selenium.remote.ProtocolHandshake.createSession(ProtocolHandshake.java:74)
	at org.openqa.selenium.remote.HttpCommandExecutor.execute(HttpCommandExecutor.java:136)
	at org.openqa.selenium.remote.service.DriverCommandExecutor.execute(DriverCommandExecutor.java:83)
	at org.openqa.selenium.remote.RemoteWebDriver.execute(RemoteWebDriver.java:552)
	at org.openqa.selenium.remote.RemoteWebDriver.startSession(RemoteWebDriver.java:213)
	at org.openqa.selenium.remote.RemoteWebDriver.<init>(RemoteWebDriver.java:131)
	at org.openqa.selenium.chrome.ChromeDriver.<init>(ChromeDriver.java:181)
	at org.openqa.selenium.chrome.ChromeDriver.<init>(ChromeDriver.java:168)
	at org.openqa.selenium.chrome.ChromeDriver.<init>(ChromeDriver.java:123)
	at com.OrangeHRM.AppUtils.BaseClass_OHRM040_001.setUpBrowser(BaseClass_OHRM040_001.java:26)
	at sun.reflect.NativeMethodAccessorImpl.invoke0(Native Method)
	at sun.reflect.NativeMethodAccessorImpl.invoke(NativeMethodAccessorImpl.java:62)
	at sun.reflect.DelegatingMethodAccessorImpl.invoke(DelegatingMethodAccessorImpl.java:43)
	at java.lang.reflect.Method.invoke(Method.java:498)
	at org.testng.internal.MethodInvocationHelper.invokeMethod(MethodInvocationHelper.java:124)
	at org.testng.internal.MethodInvocationHelper.invokeMethodConsideringTimeout(MethodInvocationHelper.java:59)
	at org.testng.internal.Invoker.invokeConfigurationMethod(Invoker.java:458)
	at org.testng.internal.Invoker.invokeConfigurations(Invoker.java:222)
	at org.testng.internal.Invoker.invokeConfigurations(Invoker.java:142)
	at org.testng.TestRunner.beforeRun(TestRunner.java:529)
	at org.testng.TestRunner.run(TestRunner.java:497)
	at org.testng.SuiteRunner.runTest(SuiteRunner.java:455)
	at org.testng.SuiteRunner.runSequentially(SuiteRunner.java:450)
	at org.testng.SuiteRunner.privateRun(SuiteRunner.java:415)
	at org.testng.SuiteRunner.run(SuiteRunner.java:364)
	at org.testng.SuiteRunnerWorker.runSuite(SuiteRunnerWorker.java:52)
	at org.testng.SuiteRunnerWorker.run(SuiteRunnerWorker.java:84)
	at org.testng.TestNG.runSuitesSequentially(TestNG.java:1208)
	at org.testng.TestNG.runSuitesLocally(TestNG.java:1137)
	at org.testng.TestNG.runSuites(TestNG.java:1049)
	at org.testng.TestNG.run(TestNG.java:1017)
	at org.apache.maven.surefire.testng.TestNGExecutor.run(TestNGExecutor.java:295)
	at org.apache.maven.surefire.testng.TestNGXmlTestSuite.execute(TestNGXmlTestSuite.java:84)
	at org.apache.maven.surefire.testng.TestNGProvider.invoke(TestNGProvider.java:90)
	at org.apache.maven.surefire.booter.ForkedBooter.invokeProviderInSameClassLoader(ForkedBooter.java:203)
	at org.apache.maven.surefire.booter.ForkedBooter.runSuitesInProcess(ForkedBooter.java:155)
	at org.apache.maven.surefire.booter.ForkedBooter.main(ForkedBooter.java:103)
]]></failure>
    <system-err><![CDATA[Starting ChromeDriver 107.0.5304.62 (1eec40d3a5764881c92085aaee66d25075c159aa-refs/branch-heads/5304@{#942}) on port 39925
Only local connections are allowed.
Please see https://chromedriver.chromium.org/security-considerations for suggestions on keeping ChromeDriver safe.
ChromeDriver was started successfully.
]]></system-err>
  </testcase>
  <testcase name="adminValidLoginTest" classname="com.OrangeHRM.TestCases.TC_Admin_Valid_Login_OHRM040_001" time="0">
    <skipped/>
  </testcase>
  <testcase name="closeBrowser" classname="com.OrangeHRM.TestCases.TC_Admin_Valid_Login_OHRM040_001" time="0">
    <skipped/>
  </testcase>
  <testcase name="setUpBrowser" classname="com.OrangeHRM.TestCases.TC_Admin_INValid_Login_OHRM040_002" time="5.774">
    <failure message="unknown error: cannot find Chrome binary&#10;Build info: version: &apos;3.141.59&apos;, revision: &apos;e82be7d358&apos;, time: &apos;2018-11-14T08:17:03&apos;&#10;System info: host: &apos;LAPTOP-UULIG8AC&apos;, ip: &apos;192.168.1.46&apos;, os.name: &apos;Windows 10&apos;, os.arch: &apos;amd64&apos;, os.version: &apos;10.0&apos;, java.version: &apos;1.8.0_202&apos;&#10;Driver info: driver.version: ChromeDriver&#10;remote stacktrace: Backtrace:&#10;	Ordinal0 [0x00C8ACD3+2075859]&#10;	Ordinal0 [0x00C1EE61+1633889]&#10;	Ordinal0 [0x00B1B7BD+571325]&#10;	Ordinal0 [0x00B38950+690512]&#10;	Ordinal0 [0x00B36BE9+682985]&#10;	Ordinal0 [0x00B6DBD3+908243]&#10;	Ordinal0 [0x00B6D6AA+906922]&#10;	Ordinal0 [0x00B67136+880950]&#10;	Ordinal0 [0x00B3FEFD+720637]&#10;	Ordinal0 [0x00B40F3F+724799]&#10;	GetHandleVerifier [0x00F3EED2+2769538]&#10;	GetHandleVerifier [0x00F30D95+2711877]&#10;	GetHandleVerifier [0x00D1A03A+521194]&#10;	GetHandleVerifier [0x00D18DA0+516432]&#10;	Ordinal0 [0x00C2682C+1665068]&#10;	Ordinal0 [0x00C2B128+1683752]&#10;	Ordinal0 [0x00C2B215+1683989]&#10;	Ordinal0 [0x00C36484+1729668]&#10;	BaseThreadInitThunk [0x7755FEF9+25]&#10;	RtlGetAppContainerNamedObjectPath [0x77A67BBE+286]&#10;	RtlGetAppContainerNamedObjectPath [0x77A67B8E+238]&#10;" type="org.openqa.selenium.WebDriverException"><![CDATA[org.openqa.selenium.WebDriverException: unknown error: cannot find Chrome binary
Build info: version: '3.141.59', revision: 'e82be7d358', time: '2018-11-14T08:17:03'
System info: host: 'LAPTOP-UULIG8AC', ip: '192.168.1.46', os.name: 'Windows 10', os.arch: 'amd64', os.version: '10.0', java.version: '1.8.0_202'
Driver info: driver.version: ChromeDriver
remote stacktrace: Backtrace:
	Ordinal0 [0x00C8ACD3+2075859]
	Ordinal0 [0x00C1EE61+1633889]
	Ordinal0 [0x00B1B7BD+571325]
	Ordinal0 [0x00B38950+690512]
	Ordinal0 [0x00B36BE9+682985]
	Ordinal0 [0x00B6DBD3+908243]
	Ordinal0 [0x00B6D6AA+906922]
	Ordinal0 [0x00B67136+880950]
	Ordinal0 [0x00B3FEFD+720637]
	Ordinal0 [0x00B40F3F+724799]
	GetHandleVerifier [0x00F3EED2+2769538]
	GetHandleVerifier [0x00F30D95+2711877]
	GetHandleVerifier [0x00D1A03A+521194]
	GetHandleVerifier [0x00D18DA0+516432]
	Ordinal0 [0x00C2682C+1665068]
	Ordinal0 [0x00C2B128+1683752]
	Ordinal0 [0x00C2B215+1683989]
	Ordinal0 [0x00C36484+1729668]
	BaseThreadInitThunk [0x7755FEF9+25]
	RtlGetAppContainerNamedObjectPath [0x77A67BBE+286]
	RtlGetAppContainerNamedObjectPath [0x77A67B8E+238]

	at sun.reflect.NativeConstructorAccessorImpl.newInstance0(Native Method)
	at sun.reflect.NativeConstructorAccessorImpl.newInstance(NativeConstructorAccessorImpl.java:62)
	at sun.reflect.DelegatingConstructorAccessorImpl.newInstance(DelegatingConstructorAccessorImpl.java:45)
	at java.lang.reflect.Constructor.newInstance(Constructor.java:423)
	at org.openqa.selenium.remote.W3CHandshakeResponse.lambda$errorHandler$0(W3CHandshakeResponse.java:62)
	at org.openqa.selenium.remote.HandshakeResponse.lambda$getResponseFunction$0(HandshakeResponse.java:30)
	at org.openqa.selenium.remote.ProtocolHandshake.lambda$createSession$0(ProtocolHandshake.java:126)
	at java.util.stream.ReferencePipeline$3$1.accept(ReferencePipeline.java:193)
	at java.util.Spliterators$ArraySpliterator.tryAdvance(Spliterators.java:958)
	at java.util.stream.ReferencePipeline.forEachWithCancel(ReferencePipeline.java:126)
	at java.util.stream.AbstractPipeline.copyIntoWithCancel(AbstractPipeline.java:498)
	at java.util.stream.AbstractPipeline.copyInto(AbstractPipeline.java:485)
	at java.util.stream.AbstractPipeline.wrapAndCopyInto(AbstractPipeline.java:471)
	at java.util.stream.FindOps$FindOp.evaluateSequential(FindOps.java:152)
	at java.util.stream.AbstractPipeline.evaluate(AbstractPipeline.java:234)
	at java.util.stream.ReferencePipeline.findFirst(ReferencePipeline.java:464)
	at org.openqa.selenium.remote.ProtocolHandshake.createSession(ProtocolHandshake.java:128)
	at org.openqa.selenium.remote.ProtocolHandshake.createSession(ProtocolHandshake.java:74)
	at org.openqa.selenium.remote.HttpCommandExecutor.execute(HttpCommandExecutor.java:136)
	at org.openqa.selenium.remote.service.DriverCommandExecutor.execute(DriverCommandExecutor.java:83)
	at org.openqa.selenium.remote.RemoteWebDriver.execute(RemoteWebDriver.java:552)
	at org.openqa.selenium.remote.RemoteWebDriver.startSession(RemoteWebDriver.java:213)
	at org.openqa.selenium.remote.RemoteWebDriver.<init>(RemoteWebDriver.java:131)
	at org.openqa.selenium.chrome.ChromeDriver.<init>(ChromeDriver.java:181)
	at org.openqa.selenium.chrome.ChromeDriver.<init>(ChromeDriver.java:168)
	at org.openqa.selenium.chrome.ChromeDriver.<init>(ChromeDriver.java:123)
	at com.OrangeHRM.AppUtils.BaseClass_OHRM040_001.setUpBrowser(BaseClass_OHRM040_001.java:26)
	at sun.reflect.NativeMethodAccessorImpl.invoke0(Native Method)
	at sun.reflect.NativeMethodAccessorImpl.invoke(NativeMethodAccessorImpl.java:62)
	at sun.reflect.DelegatingMethodAccessorImpl.invoke(DelegatingMethodAccessorImpl.java:43)
	at java.lang.reflect.Method.invoke(Method.java:498)
	at org.testng.internal.MethodInvocationHelper.invokeMethod(MethodInvocationHelper.java:124)
	at org.testng.internal.MethodInvocationHelper.invokeMethodConsideringTimeout(MethodInvocationHelper.java:59)
	at org.testng.internal.Invoker.invokeConfigurationMethod(Invoker.java:458)
	at org.testng.internal.Invoker.invokeConfigurations(Invoker.java:222)
	at org.testng.internal.Invoker.invokeConfigurations(Invoker.java:142)
	at org.testng.TestRunner.beforeRun(TestRunner.java:529)
	at org.testng.TestRunner.run(TestRunner.java:497)
	at org.testng.SuiteRunner.runTest(SuiteRunner.java:455)
	at org.testng.SuiteRunner.runSequentially(SuiteRunner.java:450)
	at org.testng.SuiteRunner.privateRun(SuiteRunner.java:415)
	at org.testng.SuiteRunner.run(SuiteRunner.java:364)
	at org.testng.SuiteRunnerWorker.runSuite(SuiteRunnerWorker.java:52)
	at org.testng.SuiteRunnerWorker.run(SuiteRunnerWorker.java:84)
	at org.testng.TestNG.runSuitesSequentially(TestNG.java:1208)
	at org.testng.TestNG.runSuitesLocally(TestNG.java:1137)
	at org.testng.TestNG.runSuites(TestNG.java:1049)
	at org.testng.TestNG.run(TestNG.java:1017)
	at org.apache.maven.surefire.testng.TestNGExecutor.run(TestNGExecutor.java:295)
	at org.apache.maven.surefire.testng.TestNGXmlTestSuite.execute(TestNGXmlTestSuite.java:84)
	at org.apache.maven.surefire.testng.TestNGProvider.invoke(TestNGProvider.java:90)
	at org.apache.maven.surefire.booter.ForkedBooter.invokeProviderInSameClassLoader(ForkedBooter.java:203)
	at org.apache.maven.surefire.booter.ForkedBooter.runSuitesInProcess(ForkedBooter.java:155)
	at org.apache.maven.surefire.booter.ForkedBooter.main(ForkedBooter.java:103)
]]></failure>
    <system-err><![CDATA[Starting ChromeDriver 107.0.5304.62 (1eec40d3a5764881c92085aaee66d25075c159aa-refs/branch-heads/5304@{#942}) on port 18247
Only local connections are allowed.
Please see https://chromedriver.chromium.org/security-considerations for suggestions on keeping ChromeDriver safe.
ChromeDriver was started successfully.
]]></system-err>
  </testcase>
  <testcase name="AdminInvalidData" classname="com.OrangeHRM.TestCases.TC_Admin_INValid_Login_OHRM040_002" time="0">
    <skipped/>
  </testcase>
  <testcase name="closeBrowser" classname="com.OrangeHRM.TestCases.TC_Admin_INValid_Login_OHRM040_002" time="0">
    <skipped/>
  </testcase>
</testsuite>